-------------------------------------------------------------------------------
Test set: runners.RunCucumberTests
-------------------------------------------------------------------------------
Tests run: 1, Failures: 0, Errors: 1, Skipped: 0, Time elapsed: 0.002 s <<< FAILURE! - in runners.RunCucumberTests
initializationError(runners.RunCucumberTests)  Time elapsed: 0.002 s  <<< ERROR!
java.lang.IllegalArgumentException: path must exist: /Users/muammer/IdeaProjects/com.tau.cucumber.course/src/test/resources

