<?xml version="1.0" encoding="UTF-8"?>
<testsuite xmlns:xsi="http://www.w3.org/2001/XMLSchema-instance" xsi:noNamespaceSchemaLocation="https://maven.apache.org/surefire/maven-surefire-plugin/xsd/surefire-test-report.xsd" name="Login Functionality #1" time="27.74" tests="3" errors="0" skipped="0" failures="0">
  <properties>
[...]
</properties>
  <testcase name="Login Successful #1" classname="Login Functionality #1" time="12.486"/>
  <testcase name="Login Successful #2" classname="Login Functionality #1" time="7.948"/>
  <testcase name="Login Successful 3" classname="Login Functionality #1" time="7.306"/>
</testsuite>